<?xml version='1.0' encoding='UTF-8'?>
<testsuite hostname="BGLL065672" name="stackoverflow.StackOverflowSuite" tests="1" errors="0" failures="0" skipped="0" time="0.25" timestamp="2021-04-20T15:16:47">
                     <properties>
[...]
</properties>
                     <testcase classname="stackoverflow.StackOverflowSuite" name="testObject can be instantiated" time="0.25">
                                                 
                                               </testcase>
                     <system-out><![CDATA[]]></system-out>
                     <system-err><![CDATA[]]></system-err>
                   </testsuite>